  [1m[36m (2.0ms)[0m  [1mCREATE TABLE "schema_migrations" ("version" varchar NOT NULL) [0m
  [1m[35m (0.3ms)[0m  select sqlite_version(*)
  [1m[36m (0.8ms)[0m  [1mCREATE UNIQUE INDEX "unique_schema_migrations" ON "schema_migrations" ("version")[0m
  [1m[35mActiveRecord::SchemaMigration Load (0.1ms)[0m  SELECT "schema_migrations".* FROM "schema_migrations"
Migrating to CreateCoreUsers (20161209210155)
  [1m[36m (0.0ms)[0m  [1mbegin transaction[0m
  [1m[35m (0.4ms)[0m  CREATE TABLE "core_users" ("id" INTEGER PRIMARY KEY AUTOINCREMENT NOT NULL, "created_at" datetime NOT NULL, "updated_at" datetime NOT NULL) 
  [1m[36mSQL (0.2ms)[0m  [1mINSERT INTO "schema_migrations" ("version") VALUES (?)[0m  [["version", "20161209210155"]]
  [1m[35m (0.6ms)[0m  commit transaction
Migrating to CreateCoreAddresses (20161209210706)
  [1m[36m (0.1ms)[0m  [1mbegin transaction[0m
  [1m[35m (0.4ms)[0m  CREATE TABLE "core_addresses" ("id" INTEGER PRIMARY KEY AUTOINCREMENT NOT NULL, "Core::User_id" integer, "created_at" datetime NOT NULL, "updated_at" datetime NOT NULL) 
  [1m[36m (0.1ms)[0m  [1mCREATE  INDEX "index_core_addresses_on_Core::User_id" ON "core_addresses" ("Core::User_id")[0m
  [1m[35mSQL (0.1ms)[0m  INSERT INTO "schema_migrations" ("version") VALUES (?)  [["version", "20161209210706"]]
  [1m[36m (0.6ms)[0m  [1mcommit transaction[0m
Migrating to CreateCoreCreditCards (20161209210907)
  [1m[35m (0.0ms)[0m  begin transaction
  [1m[36m (0.4ms)[0m  [1mCREATE TABLE "core_credit_cards" ("id" INTEGER PRIMARY KEY AUTOINCREMENT NOT NULL, "Core::User_id" integer, "created_at" datetime NOT NULL, "updated_at" datetime NOT NULL) [0m
  [1m[35m (0.1ms)[0m  CREATE  INDEX "index_core_credit_cards_on_Core::User_id" ON "core_credit_cards" ("Core::User_id")
  [1m[36mSQL (0.2ms)[0m  [1mINSERT INTO "schema_migrations" ("version") VALUES (?)[0m  [["version", "20161209210907"]]
  [1m[35m (0.7ms)[0m  commit transaction
  [1m[36mActiveRecord::SchemaMigration Load (0.1ms)[0m  [1mSELECT "schema_migrations".* FROM "schema_migrations"[0m
  [1m[35m (0.1ms)[0m              SELECT sql
            FROM sqlite_master
            WHERE name='index_core_addresses_on_Core::User_id' AND type='index'
            UNION ALL
            SELECT sql
            FROM sqlite_temp_master
            WHERE name='index_core_addresses_on_Core::User_id' AND type='index'

  [1m[36m (0.1ms)[0m  [1m            SELECT sql
            FROM sqlite_master
            WHERE name='index_core_credit_cards_on_Core::User_id' AND type='index'
            UNION ALL
            SELECT sql
            FROM sqlite_temp_master
            WHERE name='index_core_credit_cards_on_Core::User_id' AND type='index'
[0m
  [1m[35m (0.9ms)[0m  CREATE TABLE "core_addresses" ("id" INTEGER PRIMARY KEY AUTOINCREMENT NOT NULL, "Core::User_id" integer, "created_at" datetime NOT NULL, "updated_at" datetime NOT NULL) 
  [1m[36m (0.0ms)[0m  [1mselect sqlite_version(*)[0m
  [1m[35m (0.7ms)[0m  CREATE  INDEX "index_core_addresses_on_Core::User_id" ON "core_addresses" ("Core::User_id")
  [1m[36m (0.8ms)[0m  [1mCREATE TABLE "core_credit_cards" ("id" INTEGER PRIMARY KEY AUTOINCREMENT NOT NULL, "Core::User_id" integer, "created_at" datetime NOT NULL, "updated_at" datetime NOT NULL) [0m
  [1m[35m (0.8ms)[0m  CREATE  INDEX "index_core_credit_cards_on_Core::User_id" ON "core_credit_cards" ("Core::User_id")
  [1m[36m (1.8ms)[0m  [1mCREATE TABLE "core_users" ("id" INTEGER PRIMARY KEY AUTOINCREMENT NOT NULL, "created_at" datetime NOT NULL, "updated_at" datetime NOT NULL) [0m
  [1m[35m (1.7ms)[0m  CREATE TABLE "schema_migrations" ("version" varchar NOT NULL) 
  [1m[36m (1.2ms)[0m  [1mCREATE UNIQUE INDEX "unique_schema_migrations" ON "schema_migrations" ("version")[0m
  [1m[35m (0.1ms)[0m  SELECT version FROM "schema_migrations"
  [1m[36m (1.0ms)[0m  [1mINSERT INTO "schema_migrations" (version) VALUES ('20161209210907')[0m
  [1m[35m (1.1ms)[0m  INSERT INTO "schema_migrations" (version) VALUES ('20161209210155')
  [1m[36m (1.1ms)[0m  [1mINSERT INTO "schema_migrations" (version) VALUES ('20161209210706')[0m
  [1m[36m (1.8ms)[0m  [1mCREATE TABLE "schema_migrations" ("version" varchar NOT NULL) [0m
  [1m[35m (0.1ms)[0m  select sqlite_version(*)
  [1m[36m (0.8ms)[0m  [1mCREATE UNIQUE INDEX "unique_schema_migrations" ON "schema_migrations" ("version")[0m
  [1m[35mActiveRecord::SchemaMigration Load (0.1ms)[0m  SELECT "schema_migrations".* FROM "schema_migrations"
Migrating to CreateCoreUsers (20161209210155)
  [1m[36m (0.1ms)[0m  [1mbegin transaction[0m
  [1m[35m (0.4ms)[0m  CREATE TABLE "core_users" ("id" INTEGER PRIMARY KEY AUTOINCREMENT NOT NULL, "created_at" datetime NOT NULL, "updated_at" datetime NOT NULL) 
  [1m[36mSQL (0.2ms)[0m  [1mINSERT INTO "schema_migrations" ("version") VALUES (?)[0m  [["version", "20161209210155"]]
  [1m[35m (0.7ms)[0m  commit transaction
Migrating to CreateCoreAddresses (20161209210706)
  [1m[36m (0.0ms)[0m  [1mbegin transaction[0m
  [1m[35m (0.3ms)[0m  CREATE TABLE "core_addresses" ("id" INTEGER PRIMARY KEY AUTOINCREMENT NOT NULL, "core_user_id" integer, "created_at" datetime NOT NULL, "updated_at" datetime NOT NULL) 
  [1m[36m (0.1ms)[0m  [1mCREATE  INDEX "index_core_addresses_on_core_user_id" ON "core_addresses" ("core_user_id")[0m
  [1m[35mSQL (0.1ms)[0m  INSERT INTO "schema_migrations" ("version") VALUES (?)  [["version", "20161209210706"]]
  [1m[36m (0.7ms)[0m  [1mcommit transaction[0m
Migrating to CreateCoreCreditCards (20161209210907)
  [1m[35m (0.0ms)[0m  begin transaction
  [1m[36m (0.4ms)[0m  [1mCREATE TABLE "core_credit_cards" ("id" INTEGER PRIMARY KEY AUTOINCREMENT NOT NULL, "core_user_id" integer, "created_at" datetime NOT NULL, "updated_at" datetime NOT NULL) [0m
  [1m[35m (0.1ms)[0m  CREATE  INDEX "index_core_credit_cards_on_core_user_id" ON "core_credit_cards" ("core_user_id")
  [1m[36mSQL (0.1ms)[0m  [1mINSERT INTO "schema_migrations" ("version") VALUES (?)[0m  [["version", "20161209210907"]]
  [1m[35m (0.7ms)[0m  commit transaction
  [1m[36mActiveRecord::SchemaMigration Load (0.1ms)[0m  [1mSELECT "schema_migrations".* FROM "schema_migrations"[0m
  [1m[35m (0.1ms)[0m              SELECT sql
            FROM sqlite_master
            WHERE name='index_core_addresses_on_core_user_id' AND type='index'
            UNION ALL
            SELECT sql
            FROM sqlite_temp_master
            WHERE name='index_core_addresses_on_core_user_id' AND type='index'

  [1m[36m (0.1ms)[0m  [1m            SELECT sql
            FROM sqlite_master
            WHERE name='index_core_credit_cards_on_core_user_id' AND type='index'
            UNION ALL
            SELECT sql
            FROM sqlite_temp_master
            WHERE name='index_core_credit_cards_on_core_user_id' AND type='index'
[0m
  [1m[35m (0.9ms)[0m  CREATE TABLE "core_addresses" ("id" INTEGER PRIMARY KEY AUTOINCREMENT NOT NULL, "core_user_id" integer, "created_at" datetime NOT NULL, "updated_at" datetime NOT NULL) 
  [1m[36m (0.1ms)[0m  [1mselect sqlite_version(*)[0m
  [1m[35m (2.1ms)[0m  CREATE  INDEX "index_core_addresses_on_core_user_id" ON "core_addresses" ("core_user_id")
  [1m[36m (0.8ms)[0m  [1mCREATE TABLE "core_credit_cards" ("id" INTEGER PRIMARY KEY AUTOINCREMENT NOT NULL, "core_user_id" integer, "created_at" datetime NOT NULL, "updated_at" datetime NOT NULL) [0m
  [1m[35m (0.7ms)[0m  CREATE  INDEX "index_core_credit_cards_on_core_user_id" ON "core_credit_cards" ("core_user_id")
  [1m[36m (0.7ms)[0m  [1mCREATE TABLE "core_users" ("id" INTEGER PRIMARY KEY AUTOINCREMENT NOT NULL, "created_at" datetime NOT NULL, "updated_at" datetime NOT NULL) [0m
  [1m[35m (1.2ms)[0m  CREATE TABLE "schema_migrations" ("version" varchar NOT NULL) 
  [1m[36m (0.8ms)[0m  [1mCREATE UNIQUE INDEX "unique_schema_migrations" ON "schema_migrations" ("version")[0m
  [1m[35m (0.1ms)[0m  SELECT version FROM "schema_migrations"
  [1m[36m (0.6ms)[0m  [1mINSERT INTO "schema_migrations" (version) VALUES ('20161209210907')[0m
  [1m[35m (0.5ms)[0m  INSERT INTO "schema_migrations" (version) VALUES ('20161209210155')
  [1m[36m (0.5ms)[0m  [1mINSERT INTO "schema_migrations" (version) VALUES ('20161209210706')[0m
  [1m[36m (2.0ms)[0m  [1mCREATE TABLE "schema_migrations" ("version" varchar NOT NULL) [0m
  [1m[35m (0.1ms)[0m  select sqlite_version(*)
  [1m[36m (0.7ms)[0m  [1mCREATE UNIQUE INDEX "unique_schema_migrations" ON "schema_migrations" ("version")[0m
  [1m[35mActiveRecord::SchemaMigration Load (0.1ms)[0m  SELECT "schema_migrations".* FROM "schema_migrations"
Migrating to CreateCoreUsers (20161209210155)
  [1m[36m (0.1ms)[0m  [1mbegin transaction[0m
  [1m[35m (0.4ms)[0m  CREATE TABLE "core_users" ("id" INTEGER PRIMARY KEY AUTOINCREMENT NOT NULL, "created_at" datetime NOT NULL, "updated_at" datetime NOT NULL) 
  [1m[36mSQL (0.2ms)[0m  [1mINSERT INTO "schema_migrations" ("version") VALUES (?)[0m  [["version", "20161209210155"]]
  [1m[35m (0.6ms)[0m  commit transaction
Migrating to CreateCoreAddresses (20161209210706)
  [1m[36m (0.0ms)[0m  [1mbegin transaction[0m
  [1m[35m (0.3ms)[0m  CREATE TABLE "core_addresses" ("id" INTEGER PRIMARY KEY AUTOINCREMENT NOT NULL, "user_id" integer, "created_at" datetime NOT NULL, "updated_at" datetime NOT NULL) 
  [1m[36m (0.1ms)[0m  [1mCREATE  INDEX "index_core_addresses_on_user_id" ON "core_addresses" ("user_id")[0m
  [1m[35mSQL (0.1ms)[0m  INSERT INTO "schema_migrations" ("version") VALUES (?)  [["version", "20161209210706"]]
  [1m[36m (0.7ms)[0m  [1mcommit transaction[0m
Migrating to CreateCoreCreditCards (20161209210907)
  [1m[35m (0.0ms)[0m  begin transaction
  [1m[36m (0.3ms)[0m  [1mCREATE TABLE "core_credit_cards" ("id" INTEGER PRIMARY KEY AUTOINCREMENT NOT NULL, "user_id" integer, "created_at" datetime NOT NULL, "updated_at" datetime NOT NULL) [0m
  [1m[35m (0.1ms)[0m  CREATE  INDEX "index_core_credit_cards_on_user_id" ON "core_credit_cards" ("user_id")
  [1m[36mSQL (0.1ms)[0m  [1mINSERT INTO "schema_migrations" ("version") VALUES (?)[0m  [["version", "20161209210907"]]
  [1m[35m (0.6ms)[0m  commit transaction
  [1m[36mActiveRecord::SchemaMigration Load (0.1ms)[0m  [1mSELECT "schema_migrations".* FROM "schema_migrations"[0m
  [1m[35m (0.1ms)[0m              SELECT sql
            FROM sqlite_master
            WHERE name='index_core_addresses_on_user_id' AND type='index'
            UNION ALL
            SELECT sql
            FROM sqlite_temp_master
            WHERE name='index_core_addresses_on_user_id' AND type='index'

  [1m[36m (0.1ms)[0m  [1m            SELECT sql
            FROM sqlite_master
            WHERE name='index_core_credit_cards_on_user_id' AND type='index'
            UNION ALL
            SELECT sql
            FROM sqlite_temp_master
            WHERE name='index_core_credit_cards_on_user_id' AND type='index'
[0m
  [1m[35m (0.8ms)[0m  CREATE TABLE "core_addresses" ("id" INTEGER PRIMARY KEY AUTOINCREMENT NOT NULL, "user_id" integer, "created_at" datetime NOT NULL, "updated_at" datetime NOT NULL) 
  [1m[36m (0.0ms)[0m  [1mselect sqlite_version(*)[0m
  [1m[35m (0.7ms)[0m  CREATE  INDEX "index_core_addresses_on_user_id" ON "core_addresses" ("user_id")
  [1m[36m (0.6ms)[0m  [1mCREATE TABLE "core_credit_cards" ("id" INTEGER PRIMARY KEY AUTOINCREMENT NOT NULL, "user_id" integer, "created_at" datetime NOT NULL, "updated_at" datetime NOT NULL) [0m
  [1m[35m (0.6ms)[0m  CREATE  INDEX "index_core_credit_cards_on_user_id" ON "core_credit_cards" ("user_id")
  [1m[36m (0.7ms)[0m  [1mCREATE TABLE "core_users" ("id" INTEGER PRIMARY KEY AUTOINCREMENT NOT NULL, "created_at" datetime NOT NULL, "updated_at" datetime NOT NULL) [0m
  [1m[35m (0.7ms)[0m  CREATE TABLE "schema_migrations" ("version" varchar NOT NULL) 
  [1m[36m (0.7ms)[0m  [1mCREATE UNIQUE INDEX "unique_schema_migrations" ON "schema_migrations" ("version")[0m
  [1m[35m (0.1ms)[0m  SELECT version FROM "schema_migrations"
  [1m[36m (0.8ms)[0m  [1mINSERT INTO "schema_migrations" (version) VALUES ('20161209210907')[0m
  [1m[35m (0.9ms)[0m  INSERT INTO "schema_migrations" (version) VALUES ('20161209210155')
  [1m[36m (0.6ms)[0m  [1mINSERT INTO "schema_migrations" (version) VALUES ('20161209210706')[0m
DEPRECATION WARNING: Id without format is no longer supported. Please remove ids from attributes, or specify a format. (called from <class:UserResource> at /Users/josh/workspace/jsonapi_resource_namespaces/app/resources/api/user_resource.rb:7)
DEPRECATION WARNING: Id without format is no longer supported. Please remove ids from attributes, or specify a format. (called from <class:CreditCardResource> at /Users/josh/workspace/jsonapi_resource_namespaces/app/resources/api/credit_card_resource.rb:4)
DEPRECATION WARNING: Id without format is no longer supported. Please remove ids from attributes, or specify a format. (called from <class:AddressResource> at /Users/josh/workspace/jsonapi_resource_namespaces/app/resources/api/address_resource.rb:4)
DEPRECATION WARNING: Id without format is no longer supported. Please remove ids from attributes, or specify a format. (called from <class:UserResource> at /Users/josh/workspace/jsonapi_resource_namespaces/app/resources/api/user_resource.rb:7)
DEPRECATION WARNING: Id without format is no longer supported. Please remove ids from attributes, or specify a format. (called from <class:CreditCardResource> at /Users/josh/workspace/jsonapi_resource_namespaces/app/resources/api/credit_card_resource.rb:4)
DEPRECATION WARNING: Id without format is no longer supported. Please remove ids from attributes, or specify a format. (called from <class:AddressResource> at /Users/josh/workspace/jsonapi_resource_namespaces/app/resources/api/address_resource.rb:4)
DEPRECATION WARNING: Id without format is no longer supported. Please remove ids from attributes, or specify a format. (called from attribute at /Users/josh/.rvm/gems/ruby-2.3.1/bundler/gems/jsonapi-resources-f5f8444a53ae/lib/jsonapi/resource.rb:501)
DEPRECATION WARNING: Id without format is no longer supported. Please remove ids from attributes, or specify a format. (called from attribute at /Users/josh/.rvm/gems/ruby-2.3.1/bundler/gems/jsonapi-resources-f5f8444a53ae/lib/jsonapi/resource.rb:501)
DEPRECATION WARNING: Id without format is no longer supported. Please remove ids from attributes, or specify a format. (called from attribute at /Users/josh/.rvm/gems/ruby-2.3.1/bundler/gems/jsonapi-resources-f5f8444a53ae/lib/jsonapi/resource.rb:501)
DEPRECATION WARNING: Id without format is no longer supported. Please remove ids from attributes, or specify a format. (called from attribute at /Users/josh/.rvm/gems/ruby-2.3.1/bundler/gems/jsonapi-resources-f5f8444a53ae/lib/jsonapi/resource.rb:501)
DEPRECATION WARNING: Id without format is no longer supported. Please remove ids from attributes, or specify a format. (called from attribute at /Users/josh/.rvm/gems/ruby-2.3.1/bundler/gems/jsonapi-resources-f5f8444a53ae/lib/jsonapi/resource.rb:501)
DEPRECATION WARNING: Id without format is no longer supported. Please remove ids from attributes, or specify a format. (called from attribute at /Users/josh/.rvm/gems/ruby-2.3.1/bundler/gems/jsonapi-resources-f5f8444a53ae/lib/jsonapi/resource.rb:501)
